<?xml version="1.0" encoding="UTF-8"?>
<!-- Generated by org.testng.reporters.JUnitXMLReporter -->
<testsuite hostname="PranavChavan" ignored="0" name="Default test" tests="4" failures="0" timestamp="20 Jun 2020 11:43:02 GMT" time="0.133" errors="0">
  <testcase name="@BeforeSuite DataBaseConnection" time="43.778" classname="ArabBank.LeadsSanity.Bancassurance">
    <failure type="java.sql.SQLRecoverableException" message="IO Error: The Network Adapter could not establish the connection">
      <![CDATA[java.sql.SQLRecoverableException: IO Error: The Network Adapter could not establish the connection
at oracle.jdbc.driver.T4CConnection.logon(T4CConnection.java:774)
at oracle.jdbc.driver.PhysicalConnection.connect(PhysicalConnection.java:688)
at oracle.jdbc.driver.T4CDriverExtension.getConnection(T4CDriverExtension.java:39)
at oracle.jdbc.driver.OracleDriver.connect(OracleDriver.java:691)
at java.sql.DriverManager.getConnection(DriverManager.java:664)
at java.sql.DriverManager.getConnection(DriverManager.java:247)
at ArabBank.LeadsSanity.Bancassurance.DataBaseConnection(Bancassurance.java:44)
at sun.reflect.NativeMethodAccessorImpl.invoke0(Native Method)
at sun.reflect.NativeMethodAccessorImpl.invoke(NativeMethodAccessorImpl.java:62)
at sun.reflect.DelegatingMethodAccessorImpl.invoke(DelegatingMethodAccessorImpl.java:43)
at java.lang.reflect.Method.invoke(Method.java:498)
at org.testng.internal.MethodInvocationHelper.invokeMethod(MethodInvocationHelper.java:124)
at org.testng.internal.MethodInvocationHelper.invokeMethodConsideringTimeout(MethodInvocationHelper.java:59)
at org.testng.internal.Invoker.invokeConfigurationMethod(Invoker.java:455)
at org.testng.internal.Invoker.invokeConfigurations(Invoker.java:222)
at org.testng.internal.Invoker.invokeConfigurations(Invoker.java:142)
at org.testng.SuiteRunner.privateRun(SuiteRunner.java:401)
at org.testng.SuiteRunner.run(SuiteRunner.java:364)
at org.testng.SuiteRunnerWorker.runSuite(SuiteRunnerWorker.java:52)
at org.testng.SuiteRunnerWorker.run(SuiteRunnerWorker.java:84)
at org.testng.TestNG.runSuitesSequentially(TestNG.java:1208)
at org.testng.TestNG.runSuitesLocally(TestNG.java:1137)
at org.testng.TestNG.runSuites(TestNG.java:1049)
at org.testng.TestNG.run(TestNG.java:1017)
at org.testng.remote.AbstractRemoteTestNG.run(AbstractRemoteTestNG.java:114)
at org.testng.remote.RemoteTestNG.initAndRun(RemoteTestNG.java:251)
at org.testng.remote.RemoteTestNG.main(RemoteTestNG.java:77)
Caused by: oracle.net.ns.NetException: The Network Adapter could not establish the connection
at oracle.net.nt.ConnStrategy.execute(ConnStrategy.java:523)
at oracle.net.resolver.AddrResolution.resolveAndExecute(AddrResolution.java:521)
at oracle.net.ns.NSProtocol.establishConnection(NSProtocol.java:660)
at oracle.net.ns.NSProtocol.connect(NSProtocol.java:286)
at oracle.jdbc.driver.T4CConnection.connect(T4CConnection.java:1438)
at oracle.jdbc.driver.T4CConnection.logon(T4CConnection.java:518)
... 26 more
Caused by: java.io.IOException: Connection timed out: connect, socket connect lapse 21005 ms. /10.196.158.8 1522 0 1 true
at oracle.net.nt.TcpNTAdapter.connect(TcpNTAdapter.java:209)
at oracle.net.nt.ConnOption.connect(ConnOption.java:161)
at oracle.net.nt.ConnStrategy.execute(ConnStrategy.java:470)
... 31 more
Caused by: java.net.ConnectException: Connection timed out: connect
at sun.nio.ch.Net.connect0(Native Method)
at sun.nio.ch.Net.connect(Net.java:454)
at sun.nio.ch.Net.connect(Net.java:446)
at sun.nio.ch.SocketChannelImpl.connect(SocketChannelImpl.java:648)
at java.nio.channels.SocketChannel.open(SocketChannel.java:189)
at oracle.net.nt.TimeoutSocketChannel.<init>(TimeoutSocketChannel.java:81)
at oracle.net.nt.TcpNTAdapter.connect(TcpNTAdapter.java:169)
... 33 more
]]>
    </failure>
  </testcase> <!-- @BeforeSuite DataBaseConnection -->
  <testcase name="@BeforeTest initializebrowser" time="0.0" classname="ArabBank.LeadsSanity.Bancassurance">
    <skipped/>
  </testcase> <!-- @BeforeTest initializebrowser -->
  <testcase name="@BeforeGroups Branchlogin" time="0.0" classname="ArabBank.LeadsSanity.Bancassurance">
    <skipped/>
  </testcase> <!-- @BeforeGroups Branchlogin -->
  <testcase name="@BeforeGroups DSSLogin" time="0.0" classname="ArabBank.LeadsSanity.Bancassurance">
    <skipped/>
  </testcase> <!-- @BeforeGroups DSSLogin -->
  <testcase name="@BeforeGroups CallCenterlogin" time="0.0" classname="ArabBank.LeadsSanity.Bancassurance">
    <skipped/>
  </testcase> <!-- @BeforeGroups CallCenterlogin -->
  <testcase name="Scenerio_14_Branch" time="0.0" classname="ArabBank.LeadsSanity.Bancassurance">
    <skipped/>
  </testcase> <!-- Scenerio_14_Branch -->
  <testcase name="Scenerio_24_DirectSales" time="0.0" classname="ArabBank.LeadsSanity.Bancassurance">
    <skipped/>
  </testcase> <!-- Scenerio_24_DirectSales -->
  <testcase name="Scenerio_1_CallCenter" time="0.0" classname="ArabBank.LeadsSanity.Bancassurance">
    <skipped/>
  </testcase> <!-- Scenerio_1_CallCenter -->
  <testcase name="Scenerio_5_CallCenter" time="0.0" classname="ArabBank.LeadsSanity.Bancassurance">
    <skipped/>
  </testcase> <!-- Scenerio_5_CallCenter -->
</testsuite> <!-- Default test -->
