<?xml version="1.0" encoding="UTF-8"?>
<!-- Generated by org.testng.reporters.JUnitXMLReporter -->
<testsuite hostname="PranavChavan" ignored="2" name="Regression" tests="2" failures="2" timestamp="20 Jun 2020 11:38:49 GMT" time="0.122" errors="0">
  <testcase name="Scenerio_1_CallCenter" time="0.026" classname="ArabBank.LeadsSanity.Bancassurance">
    <failure type="java.lang.NullPointerException">
      <![CDATA[java.lang.NullPointerException
	at ArabBank.LeadsSanity.Bancassurance.Scenerio_1_CallCenter(Bancassurance.java:95)
... Removed 29 stack frames]]>
    </failure>
  </testcase> <!-- Scenerio_1_CallCenter -->
  <testcase name="Scenerio_5_CallCenter" time="0.001" classname="ArabBank.LeadsSanity.Bancassurance">
    <failure type="java.lang.NullPointerException">
      <![CDATA[java.lang.NullPointerException
	at ArabBank.LeadsSanity.Bancassurance.Scenerio_5_CallCenter(Bancassurance.java:128)
... Removed 29 stack frames]]>
    </failure>
  </testcase> <!-- Scenerio_5_CallCenter -->
  <testcase name="Scenerio_24_DirectSales" time="0.0" classname="ArabBank.LeadsSanity.Bancassurance">
    <ignored/>
  </testcase> <!-- Scenerio_24_DirectSales -->
  <testcase name="Scenerio_14_Branch" time="0.0" classname="ArabBank.LeadsSanity.Bancassurance">
    <ignored/>
  </testcase> <!-- Scenerio_14_Branch -->
</testsuite> <!-- Regression -->
