<?xml version="1.0" encoding="UTF-8"?>
<testsuite xmlns:xsi="http://www.w3.org/2001/XMLSchema-instance" xsi:noNamespaceSchemaLocation="https://maven.apache.org/surefire/maven-surefire-plugin/xsd/surefire-test-report-3.0.xsd" version="3.0" name="TestSuite" time="2.454" tests="2" errors="0" skipped="0" failures="2">
  <properties>
[...]
</properties>
  <testcase name="Scenerio_1_CallCenter" classname="ArabBank.LeadsSanity.Bancassurance" time="0.058">
    <failure type="java.lang.NullPointerException"><![CDATA[java.lang.NullPointerException
	at ArabBank.LeadsSanity.Bancassurance.Scenerio_1_CallCenter(Bancassurance.java:95)
]]></failure>
  </testcase>
  <testcase name="Scenerio_5_CallCenter" classname="ArabBank.LeadsSanity.Bancassurance" time="0">
    <failure type="java.lang.NullPointerException"><![CDATA[java.lang.NullPointerException
	at ArabBank.LeadsSanity.Bancassurance.Scenerio_5_CallCenter(Bancassurance.java:128)
]]></failure>
  </testcase>
</testsuite>