<?xml version="1.0" encoding="UTF-8"?>
<!-- Generated by org.testng.reporters.JUnitXMLReporter -->
<testsuite hostname="PranavChavan" ignored="5" name="Regression" tests="1" failures="0" timestamp="08 Dec 2020 17:22:13 GMT" time="72.123" errors="0">
  <testcase name="Scenerio_1_CallCenter" time="71.423" classname="ArabBank.LeadsSanity.Bancassurance"/>
  <testcase name="Scenerio_5_7_CallCenter" time="0.0" classname="ArabBank.LeadsSanity.Bancassurance">
    <ignored/>
  </testcase> <!-- Scenerio_5_7_CallCenter -->
  <testcase name="Scenerio_6_CallCenter" time="0.0" classname="ArabBank.LeadsSanity.Bancassurance">
    <ignored/>
  </testcase> <!-- Scenerio_6_CallCenter -->
  <testcase name="Scenerio_17_Branch" time="0.0" classname="ArabBank.LeadsSanity.Bancassurance">
    <ignored/>
  </testcase> <!-- Scenerio_17_Branch -->
  <testcase name="Scenerio_24_DirectSales" time="0.0" classname="ArabBank.LeadsSanity.Bancassurance">
    <ignored/>
  </testcase> <!-- Scenerio_24_DirectSales -->
  <testcase name="Scenerio_14_Branch" time="0.0" classname="ArabBank.LeadsSanity.Bancassurance">
    <ignored/>
  </testcase> <!-- Scenerio_14_Branch -->
</testsuite> <!-- Regression -->
